
 Performance counter stats for './mandelbrot_pth -0.188 -0.012 0.554 0.754 16' (10 runs):

              1,18 msec task-clock                       #    1,113 CPUs utilized               ( +-  4,42% )
                 4      context-switches                 #    3,385 K/sec                       ( +-  6,24% )
                 0      cpu-migrations                   #    0,000 /sec                      
                89      page-faults                      #   75,305 K/sec                       ( +-  0,42% )
         4.201.353      cycles                           #    3,555 GHz                         ( +-  4,81% )
         3.806.013      instructions                     #    0,91  insn per cycle              ( +-  0,20% )
           552.258      branches                         #  467,281 M/sec                       ( +-  0,24% )
            13.601      branch-misses                    #    2,46% of all branches             ( +-  4,38% )
                        TopdownL1                 #     37,9 %  tma_backend_bound      
                                                  #      6,6 %  tma_bad_speculation    
                                                  #     33,8 %  tma_frontend_bound     
                                                  #     21,7 %  tma_retiring             ( +-  2,73% )

         0,0010619 +- 0,0000611 seconds time elapsed  ( +-  5,75% )


 Performance counter stats for './mandelbrot_pth -0.188 -0.012 0.554 0.754 32' (10 runs):

              1,99 msec task-clock                       #    1,685 CPUs utilized               ( +-  1,58% )
                 4      context-switches                 #    2,012 K/sec                       ( +-  6,45% )
                 0      cpu-migrations                   #    0,000 /sec                      
                97      page-faults                      #   48,797 K/sec                       ( +-  0,65% )
         7.305.841      cycles                           #    3,675 GHz                         ( +-  1,52% )
         8.018.252      instructions                     #    1,10  insn per cycle              ( +-  0,14% )
           901.012      branches                         #  453,263 M/sec                       ( +-  0,21% )
            14.115      branch-misses                    #    1,57% of all branches             ( +-  3,09% )
                        TopdownL1                 #     52,8 %  tma_backend_bound      
                                                  #      4,2 %  tma_bad_speculation    
                                                  #     18,5 %  tma_frontend_bound     
                                                  #     24,5 %  tma_retiring             ( +-  2,21% )

         0,0011797 +- 0,0000220 seconds time elapsed  ( +-  1,87% )


 Performance counter stats for './mandelbrot_pth -0.188 -0.012 0.554 0.754 64' (10 runs):

              5,54 msec task-clock                       #    2,569 CPUs utilized               ( +-  0,40% )
                 5      context-switches                 #  902,431 /sec                        ( +-  4,22% )
                 0      cpu-migrations                   #    0,000 /sec                      
               127      page-faults                      #   22,922 K/sec                       ( +-  0,52% )
        20.727.741      cycles                           #    3,741 GHz                         ( +-  0,36% )
        24.980.151      instructions                     #    1,21  insn per cycle              ( +-  0,06% )
         2.313.060      branches                         #  417,475 M/sec                       ( +-  0,10% )
            17.380      branch-misses                    #    0,75% of all branches             ( +-  3,30% )
                        TopdownL1                 #     65,4 %  tma_backend_bound      
                                                  #      2,4 %  tma_bad_speculation    
                                                  #      7,6 %  tma_frontend_bound     
                                                  #     24,6 %  tma_retiring             ( +-  0,90% )

         0,0021570 +- 0,0000251 seconds time elapsed  ( +-  1,16% )


 Performance counter stats for './mandelbrot_pth -0.188 -0.012 0.554 0.754 128' (10 runs):

             20,23 msec task-clock                       #    3,161 CPUs utilized               ( +-  1,18% )
                 5      context-switches                 #  247,108 /sec                        ( +-  4,47% )
                 0      cpu-migrations                   #    0,000 /sec                      
               245      page-faults                      #   12,108 K/sec                       ( +-  0,15% )
        76.413.467      cycles                           #    3,776 GHz                         ( +-  1,19% )
        92.505.090      instructions                     #    1,21  insn per cycle              ( +-  0,01% )
         7.924.526      branches                         #  391,642 M/sec                       ( +-  0,03% )
            31.685      branch-misses                    #    0,40% of all branches             ( +-  1,93% )
                        TopdownL1                 #     67,1 %  tma_backend_bound      
                                                  #      1,9 %  tma_bad_speculation    
                                                  #      5,1 %  tma_frontend_bound     
                                                  #     25,9 %  tma_retiring             ( +-  2,10% )

          0,006402 +- 0,000124 seconds time elapsed  ( +-  1,94% )


 Performance counter stats for './mandelbrot_pth -0.188 -0.012 0.554 0.754 256' (10 runs):

             77,08 msec task-clock                       #    3,453 CPUs utilized               ( +-  0,12% )
                 6      context-switches                 #   77,845 /sec                        ( +-  4,84% )
                 0      cpu-migrations                   #    0,000 /sec                      
               726      page-faults                      #    9,419 K/sec                       ( +-  0,04% )
       291.865.600      cycles                           #    3,787 GHz                         ( +-  0,12% )
       362.347.857      instructions                     #    1,24  insn per cycle              ( +-  0,01% )
        30.337.735      branches                         #  393,608 M/sec                       ( +-  0,01% )
            85.763      branch-misses                    #    0,28% of all branches             ( +-  0,41% )
                        TopdownL1                 #     70,2 %  tma_backend_bound      
                                                  #      1,7 %  tma_bad_speculation    
                                                  #      3,2 %  tma_frontend_bound     
                                                  #     24,9 %  tma_retiring             ( +-  0,26% )

         0,0223228 +- 0,0000510 seconds time elapsed  ( +-  0,23% )


 Performance counter stats for './mandelbrot_pth -0.188 -0.012 0.554 0.754 512' (10 runs):

            304,91 msec task-clock                       #    3,559 CPUs utilized               ( +-  0,08% )
                 5      context-switches                 #   16,398 /sec                        ( +-  6,15% )
                 0      cpu-migrations                   #    0,000 /sec                      
             2.646      page-faults                      #    8,678 K/sec                       ( +-  0,01% )
     1.156.325.116      cycles                           #    3,792 GHz                         ( +-  0,07% )
     1.441.471.138      instructions                     #    1,25  insn per cycle              ( +-  0,01% )
       119.944.798      branches                         #  393,372 M/sec                       ( +-  0,01% )
           287.511      branch-misses                    #    0,24% of all branches             ( +-  0,09% )
                        TopdownL1                 #     70,6 %  tma_backend_bound      
                                                  #      1,5 %  tma_bad_speculation    
                                                  #      2,9 %  tma_frontend_bound     
                                                  #     25,0 %  tma_retiring             ( +-  0,31% )

          0,085679 +- 0,000102 seconds time elapsed  ( +-  0,12% )


 Performance counter stats for './mandelbrot_pth -0.188 -0.012 0.554 0.754 1024' (10 runs):

          1.214,78 msec task-clock                       #    3,588 CPUs utilized               ( +-  0,03% )
                 8      context-switches                 #    6,586 /sec                        ( +- 14,22% )
                 1      cpu-migrations                   #    0,823 /sec                        ( +- 47,73% )
            10.327      page-faults                      #    8,501 K/sec                       ( +-  0,00% )
     4.608.879.714      cycles                           #    3,794 GHz                         ( +-  0,03% )
     5.757.977.027      instructions                     #    1,25  insn per cycle              ( +-  0,01% )
       478.405.188      branches                         #  393,820 M/sec                       ( +-  0,01% )
         1.089.115      branch-misses                    #    0,23% of all branches             ( +-  0,08% )
                        TopdownL1                 #     71,0 %  tma_backend_bound      
                                                  #      1,2 %  tma_bad_speculation    
                                                  #      2,8 %  tma_frontend_bound     
                                                  #     25,0 %  tma_retiring             ( +-  0,13% )

          0,338531 +- 0,000304 seconds time elapsed  ( +-  0,09% )


 Performance counter stats for './mandelbrot_pth -0.188 -0.012 0.554 0.754 2048' (10 runs):

          5.557,18 msec task-clock                       #    3,574 CPUs utilized               ( +-  0,33% )
                30      context-switches                 #    5,398 /sec                        ( +- 11,79% )
                 3      cpu-migrations                   #    0,540 /sec                        ( +- 18,63% )
            41.047      page-faults                      #    7,386 K/sec                       ( +-  0,00% )
    18.438.466.888      cycles                           #    3,318 GHz                         ( +-  0,02% )
    23.026.249.987      instructions                     #    1,25  insn per cycle              ( +-  0,00% )
     1.912.572.741      branches                         #  344,162 M/sec                       ( +-  0,01% )
         4.287.661      branch-misses                    #    0,22% of all branches             ( +-  0,06% )
                        TopdownL1                 #     70,8 %  tma_backend_bound      
                                                  #      1,5 %  tma_bad_speculation    
                                                  #      2,8 %  tma_frontend_bound     
                                                  #     25,0 %  tma_retiring             ( +-  0,05% )

           1,55488 +- 0,00588 seconds time elapsed  ( +-  0,38% )


 Performance counter stats for './mandelbrot_pth -0.188 -0.012 0.554 0.754 4096' (10 runs):

         22.082,00 msec task-clock                       #    3,612 CPUs utilized               ( +-  0,07% )
               134      context-switches                 #    6,068 /sec                        ( +-  7,09% )
                14      cpu-migrations                   #    0,634 /sec                        ( +- 10,06% )
           163.926      page-faults                      #    7,424 K/sec                       ( +-  0,00% )
    73.754.589.700      cycles                           #    3,340 GHz                         ( +-  0,01% )
    92.120.272.257      instructions                     #    1,25  insn per cycle              ( +-  0,00% )
     7.652.041.803      branches                         #  346,529 M/sec                       ( +-  0,00% )
        17.056.850      branch-misses                    #    0,22% of all branches             ( +-  0,05% )
                        TopdownL1                 #     70,0 %  tma_backend_bound      
                                                  #      2,5 %  tma_bad_speculation    
                                                  #      2,7 %  tma_frontend_bound     
                                                  #     24,7 %  tma_retiring             ( +-  0,05% )

           6,11431 +- 0,00425 seconds time elapsed  ( +-  0,07% )


 Performance counter stats for './mandelbrot_pth -0.188 -0.012 0.554 0.754 8192' (10 runs):

         89.199,75 msec task-clock                       #    3,629 CPUs utilized               ( +-  0,25% )
               450      context-switches                 #    5,045 /sec                        ( +-  5,49% )
                49      cpu-migrations                   #    0,549 /sec                        ( +-  7,05% )
           655.446      page-faults                      #    7,348 K/sec                       ( +-  0,00% )
   295.039.116.770      cycles                           #    3,308 GHz                         ( +-  0,06% )
   368.493.039.456      instructions                     #    1,25  insn per cycle              ( +-  0,00% )
    30.610.479.797      branches                         #  343,168 M/sec                       ( +-  0,00% )
        68.157.006      branch-misses                    #    0,22% of all branches             ( +-  0,05% )
                        TopdownL1                 #     68,2 %  tma_backend_bound      
                                                  #      4,8 %  tma_bad_speculation    
                                                  #      2,7 %  tma_frontend_bound     
                                                  #     24,3 %  tma_retiring             ( +-  0,26% )

           24,5778 +- 0,0612 seconds time elapsed  ( +-  0,25% )

