
 Performance counter stats for './mandelbrot_omp -2.5 1.5 -2.0 2.0 16' (10 runs):

              2,25 msec task-clock                       #    1,755 CPUs utilized               ( +- 54,49% )
                 0      context-switches                 #    0,000 /sec                      
                 0      cpu-migrations                   #    0,000 /sec                      
                80      page-faults                      #   35,611 K/sec                       ( +-  0,46% )
         8.342.315      cycles                           #    3,714 GHz                         ( +- 55,61% )
         2.606.038      instructions                     #    0,31  insn per cycle              ( +-  8,48% )
           489.059      branches                         #  217,700 M/sec                       ( +- 12,67% )
            10.311      branch-misses                    #    2,11% of all branches             ( +-  5,22% )
                        TopdownL1                 #     75,2 %  tma_backend_bound      
                                                  #      3,0 %  tma_bad_speculation    
                                                  #     13,0 %  tma_frontend_bound     
                                                  #      8,9 %  tma_retiring             ( +- 49,99% )

          0,001280 +- 0,000403 seconds time elapsed  ( +- 31,48% )


 Performance counter stats for './mandelbrot_omp -2.5 1.5 -2.0 2.0 32' (10 runs):

              1,25 msec task-clock                       #    1,303 CPUs utilized               ( +-  3,42% )
                 0      context-switches                 #    0,000 /sec                      
                 0      cpu-migrations                   #    0,000 /sec                      
                87      page-faults                      #   69,332 K/sec                       ( +-  0,33% )
         4.579.221      cycles                           #    3,649 GHz                         ( +-  3,72% )
         3.264.596      instructions                     #    0,71  insn per cycle              ( +-  0,13% )
           549.272      branches                         #  437,727 M/sec                       ( +-  0,16% )
            10.256      branch-misses                    #    1,87% of all branches             ( +-  5,66% )
                        TopdownL1                 #     52,3 %  tma_backend_bound      
                                                  #      5,1 %  tma_bad_speculation    
                                                  #     24,6 %  tma_frontend_bound     
                                                  #     18,1 %  tma_retiring             ( +-  3,49% )

         0,0009630 +- 0,0000383 seconds time elapsed  ( +-  3,98% )


 Performance counter stats for './mandelbrot_omp -2.5 1.5 -2.0 2.0 64' (10 runs):

              2,04 msec task-clock                       #    1,716 CPUs utilized               ( +-  2,91% )
                 0      context-switches                 #    0,000 /sec                      
                 0      cpu-migrations                   #    0,000 /sec                      
               117      page-faults                      #   57,418 K/sec                       ( +-  0,29% )
         7.577.381      cycles                           #    3,719 GHz                         ( +-  3,02% )
         6.811.100      instructions                     #    0,90  insn per cycle              ( +-  0,20% )
         1.046.336      branches                         #  513,491 M/sec                       ( +-  0,23% )
            11.711      branch-misses                    #    1,12% of all branches             ( +-  4,39% )
                        TopdownL1                 #     57,4 %  tma_backend_bound      
                                                  #      4,0 %  tma_bad_speculation    
                                                  #     16,6 %  tma_frontend_bound     
                                                  #     22,0 %  tma_retiring             ( +-  3,19% )

         0,0011871 +- 0,0000409 seconds time elapsed  ( +-  3,45% )


 Performance counter stats for './mandelbrot_omp -2.5 1.5 -2.0 2.0 128' (10 runs):

              5,36 msec task-clock                       #    2,361 CPUs utilized               ( +-  2,23% )
                 0      context-switches                 #    0,000 /sec                      
                 0      cpu-migrations                   #    0,000 /sec                      
               237      page-faults                      #   44,225 K/sec                       ( +-  0,13% )
        20.144.768      cycles                           #    3,759 GHz                         ( +-  2,28% )
        20.718.937      instructions                     #    1,03  insn per cycle              ( +-  0,05% )
         2.993.845      branches                         #  558,668 M/sec                       ( +-  0,10% )
            15.549      branch-misses                    #    0,52% of all branches             ( +-  2,86% )
                        TopdownL1                 #     60,6 %  tma_backend_bound      
                                                  #      2,8 %  tma_bad_speculation    
                                                  #     11,2 %  tma_frontend_bound     
                                                  #     25,4 %  tma_retiring             ( +-  1,84% )

         0,0022700 +- 0,0000504 seconds time elapsed  ( +-  2,22% )


 Performance counter stats for './mandelbrot_omp -2.5 1.5 -2.0 2.0 256' (10 runs):

             18,61 msec task-clock                       #    2,800 CPUs utilized               ( +-  1,59% )
                 0      context-switches                 #    0,000 /sec                      
                 0      cpu-migrations                   #    0,000 /sec                      
               718      page-faults                      #   38,580 K/sec                       ( +-  0,04% )
        67.119.997      cycles                           #    3,607 GHz                         ( +-  1,51% )
        76.419.681      instructions                     #    1,14  insn per cycle              ( +-  0,05% )
        10.780.942      branches                         #  579,289 M/sec                       ( +-  0,07% )
            26.910      branch-misses                    #    0,25% of all branches             ( +-  2,74% )
                        TopdownL1                 #     65,3 %  tma_backend_bound      
                                                  #      1,9 %  tma_bad_speculation    
                                                  #      6,9 %  tma_frontend_bound     
                                                  #     25,9 %  tma_retiring             ( +-  1,00% )

         0,0066459 +- 0,0000829 seconds time elapsed  ( +-  1,25% )


 Performance counter stats for './mandelbrot_omp -2.5 1.5 -2.0 2.0 512' (10 runs):

             77,24 msec task-clock                       #    3,033 CPUs utilized               ( +-  0,88% )
                 0      context-switches                 #    0,000 /sec                      
                 0      cpu-migrations                   #    0,000 /sec                      
             2.638      page-faults                      #   34,155 K/sec                       ( +-  0,01% )
       254.851.051      cycles                           #    3,300 GHz                         ( +-  1,00% )
       298.855.247      instructions                     #    1,17  insn per cycle              ( +-  0,04% )
        41.888.693      branches                         #  542,354 M/sec                       ( +-  0,07% )
            67.973      branch-misses                    #    0,16% of all branches             ( +-  0,50% )
                        TopdownL1                 #     67,6 %  tma_backend_bound      
                                                  #      1,4 %  tma_bad_speculation    
                                                  #      5,4 %  tma_frontend_bound     
                                                  #     25,6 %  tma_retiring             ( +-  1,22% )

          0,025464 +- 0,000188 seconds time elapsed  ( +-  0,74% )


 Performance counter stats for './mandelbrot_omp -2.5 1.5 -2.0 2.0 1024' (10 runs):

            257,88 msec task-clock                       #    2,711 CPUs utilized               ( +-  0,79% )
                 5      context-switches                 #   19,389 /sec                        ( +- 20,04% )
                 0      cpu-migrations                   #    0,000 /sec                      
            10.318      page-faults                      #   40,011 K/sec                       ( +-  0,00% )
       888.642.687      cycles                           #    3,446 GHz                         ( +-  0,96% )
     1.183.166.496      instructions                     #    1,33  insn per cycle              ( +-  0,03% )
       164.615.213      branches                         #  638,342 M/sec                       ( +-  0,03% )
           207.043      branch-misses                    #    0,13% of all branches             ( +-  0,38% )
                        TopdownL1                 #     59,9 %  tma_backend_bound      
                                                  #      2,1 %  tma_bad_speculation    
                                                  #      7,2 %  tma_frontend_bound     
                                                  #     30,7 %  tma_retiring             ( +-  2,19% )

          0,095117 +- 0,000774 seconds time elapsed  ( +-  0,81% )


 Performance counter stats for './mandelbrot_omp -2.5 1.5 -2.0 2.0 2048' (10 runs):

            843,83 msec task-clock                       #    2,346 CPUs utilized               ( +-  0,68% )
                13      context-switches                 #   15,406 /sec                        ( +- 23,81% )
                 1      cpu-migrations                   #    1,185 /sec                        ( +- 39,58% )
            41.038      page-faults                      #   48,633 K/sec                       ( +-  0,00% )
     3.037.483.946      cycles                           #    3,600 GHz                         ( +-  0,29% )
     4.705.115.413      instructions                     #    1,55  insn per cycle              ( +-  0,03% )
       651.469.237      branches                         #  772,040 M/sec                       ( +-  0,03% )
           732.876      branch-misses                    #    0,11% of all branches             ( +-  0,44% )
                        TopdownL1                 #     60,0 %  tma_backend_bound      
                                                  #      2,3 %  tma_bad_speculation    
                                                  #      5,8 %  tma_frontend_bound     
                                                  #     31,9 %  tma_retiring             ( +-  0,31% )

           0,35976 +- 0,00247 seconds time elapsed  ( +-  0,69% )


 Performance counter stats for './mandelbrot_omp -2.5 1.5 -2.0 2.0 4096' (10 runs):

          3.262,79 msec task-clock                       #    2,324 CPUs utilized               ( +-  0,31% )
                40      context-switches                 #   12,259 /sec                        ( +- 11,78% )
                 2      cpu-migrations                   #    0,613 /sec                        ( +- 29,30% )
           163.919      page-faults                      #   50,239 K/sec                       ( +-  0,00% )
    11.708.698.280      cycles                           #    3,589 GHz                         ( +-  0,13% )
    18.805.515.117      instructions                     #    1,61  insn per cycle              ( +-  0,02% )
     2.600.500.152      branches                         #  797,018 M/sec                       ( +-  0,02% )
         2.795.829      branch-misses                    #    0,11% of all branches             ( +-  0,15% )
                        TopdownL1                 #     56,6 %  tma_backend_bound      
                                                  #      6,9 %  tma_bad_speculation    
                                                  #      5,4 %  tma_frontend_bound     
                                                  #     31,1 %  tma_retiring             ( +-  0,16% )

           1,40388 +- 0,00558 seconds time elapsed  ( +-  0,40% )


 Performance counter stats for './mandelbrot_omp -2.5 1.5 -2.0 2.0 8192' (10 runs):

         13.131,48 msec task-clock                       #    2,374 CPUs utilized               ( +-  0,19% )
               199      context-switches                 #   15,154 /sec                        ( +-  6,04% )
                 8      cpu-migrations                   #    0,609 /sec                        ( +- 16,61% )
           655.438      page-faults                      #   49,913 K/sec                       ( +-  0,00% )
    46.033.416.588      cycles                           #    3,506 GHz                         ( +-  0,09% )
    75.220.809.594      instructions                     #    1,63  insn per cycle              ( +-  0,01% )
    10.398.999.774      branches                         #  791,914 M/sec                       ( +-  0,02% )
        10.896.048      branch-misses                    #    0,10% of all branches             ( +-  0,10% )
                        TopdownL1                 #     51,3 %  tma_backend_bound      
                                                  #     16,1 %  tma_bad_speculation    
                                                  #      4,5 %  tma_frontend_bound     
                                                  #     28,1 %  tma_retiring             ( +-  0,06% )

            5,5305 +- 0,0125 seconds time elapsed  ( +-  0,23% )

