
 Performance counter stats for './mandelbrot_omp -0.8 -0.7 0.05 0.15 16' (10 runs):

              1,27 msec task-clock                       #    1,332 CPUs utilized               ( +-  4,47% )
                 0      context-switches                 #    0,000 /sec                      
                 0      cpu-migrations                   #    0,000 /sec                      
                81      page-faults                      #   63,995 K/sec                       ( +-  0,33% )
         4.670.093      cycles                           #    3,690 GHz                         ( +-  4,59% )
         3.325.556      instructions                     #    0,71  insn per cycle              ( +-  0,20% )
           538.769      branches                         #  425,662 M/sec                       ( +-  0,35% )
            10.258      branch-misses                    #    1,90% of all branches             ( +-  4,30% )
                        TopdownL1                 #     54,5 %  tma_backend_bound      
                                                  #      4,6 %  tma_bad_speculation    
                                                  #     23,4 %  tma_frontend_bound     
                                                  #     17,6 %  tma_retiring             ( +-  3,48% )

         0,0009500 +- 0,0000390 seconds time elapsed  ( +-  4,11% )


 Performance counter stats for './mandelbrot_omp -0.8 -0.7 0.05 0.15 32' (10 runs):

              2,10 msec task-clock                       #    1,819 CPUs utilized               ( +-  3,63% )
                 0      context-switches                 #    0,000 /sec                      
                 0      cpu-migrations                   #    0,000 /sec                      
                89      page-faults                      #   42,375 K/sec                       ( +-  0,24% )
         7.760.668      cycles                           #    3,695 GHz                         ( +-  3,78% )
         6.950.970      instructions                     #    0,90  insn per cycle              ( +-  0,15% )
           977.096      branches                         #  465,220 M/sec                       ( +-  0,24% )
            11.142      branch-misses                    #    1,14% of all branches             ( +-  5,71% )
                        TopdownL1                 #     62,0 %  tma_backend_bound      
                                                  #      3,1 %  tma_bad_speculation    
                                                  #     14,7 %  tma_frontend_bound     
                                                  #     20,2 %  tma_retiring             ( +-  2,53% )

         0,0011549 +- 0,0000429 seconds time elapsed  ( +-  3,71% )


 Performance counter stats for './mandelbrot_omp -0.8 -0.7 0.05 0.15 64' (10 runs):

              5,76 msec task-clock                       #    2,669 CPUs utilized               ( +-  1,44% )
                 0      context-switches                 #    0,000 /sec                      
                 0      cpu-migrations                   #    0,000 /sec                      
               118      page-faults                      #   20,472 K/sec                       ( +-  0,11% )
        21.662.234      cycles                           #    3,758 GHz                         ( +-  1,45% )
        21.595.758      instructions                     #    1,00  insn per cycle              ( +-  0,07% )
         2.762.953      branches                         #  479,360 M/sec                       ( +-  0,10% )
            15.600      branch-misses                    #    0,56% of all branches             ( +-  3,03% )
                        TopdownL1                 #     65,1 %  tma_backend_bound      
                                                  #      2,1 %  tma_bad_speculation    
                                                  #      9,5 %  tma_frontend_bound     
                                                  #     23,3 %  tma_retiring             ( +-  2,37% )

         0,0021598 +- 0,0000404 seconds time elapsed  ( +-  1,87% )


 Performance counter stats for './mandelbrot_omp -0.8 -0.7 0.05 0.15 128' (10 runs):

             19,07 msec task-clock                       #    3,357 CPUs utilized               ( +-  0,56% )
                 0      context-switches                 #    0,000 /sec                      
                 0      cpu-migrations                   #    0,000 /sec                      
               238      page-faults                      #   12,479 K/sec                       ( +-  0,12% )
        72.129.704      cycles                           #    3,782 GHz                         ( +-  0,54% )
        79.757.064      instructions                     #    1,11  insn per cycle              ( +-  0,02% )
         9.824.619      branches                         #  515,133 M/sec                       ( +-  0,04% )
            28.986      branch-misses                    #    0,30% of all branches             ( +-  1,97% )
                        TopdownL1                 #     70,7 %  tma_backend_bound      
                                                  #      1,3 %  tma_bad_speculation    
                                                  #      5,0 %  tma_frontend_bound     
                                                  #     23,0 %  tma_retiring             ( +-  0,63% )

         0,0056809 +- 0,0000499 seconds time elapsed  ( +-  0,88% )


 Performance counter stats for './mandelbrot_omp -0.8 -0.7 0.05 0.15 256' (10 runs):

             84,42 msec task-clock                       #    3,642 CPUs utilized               ( +-  1,65% )
                 2      context-switches                 #   23,692 /sec                        ( +- 27,69% )
                 0      cpu-migrations                   #    0,000 /sec                      
               719      page-faults                      #    8,517 K/sec                       ( +-  0,05% )
       290.240.550      cycles                           #    3,438 GHz                         ( +-  1,28% )
       312.858.219      instructions                     #    1,08  insn per cycle              ( +-  0,01% )
        38.161.459      branches                         #  452,062 M/sec                       ( +-  0,03% )
            82.749      branch-misses                    #    0,22% of all branches             ( +-  0,47% )
                        TopdownL1                 #     64,8 %  tma_backend_bound      
                                                  #      1,9 %  tma_bad_speculation    
                                                  #      7,5 %  tma_frontend_bound     
                                                  #     25,9 %  tma_retiring             ( +-  3,42% )

          0,023180 +- 0,000363 seconds time elapsed  ( +-  1,57% )


 Performance counter stats for './mandelbrot_omp -0.8 -0.7 0.05 0.15 512' (10 runs):

            331,55 msec task-clock                       #    3,724 CPUs utilized               ( +-  0,72% )
                 3      context-switches                 #    9,048 /sec                        ( +- 21,69% )
                 0      cpu-migrations                   #    0,000 /sec                      
             2.639      page-faults                      #    7,959 K/sec                       ( +-  0,01% )
     1.101.973.305      cycles                           #    3,324 GHz                         ( +-  0,71% )
     1.243.833.137      instructions                     #    1,13  insn per cycle              ( +-  0,01% )
       151.194.572      branches                         #  456,017 M/sec                       ( +-  0,02% )
           289.475      branch-misses                    #    0,19% of all branches             ( +-  0,20% )
                        TopdownL1                 #     70,3 %  tma_backend_bound      
                                                  #      1,3 %  tma_bad_speculation    
                                                  #      4,5 %  tma_frontend_bound     
                                                  #     23,9 %  tma_retiring             ( +-  1,92% )

          0,089037 +- 0,000651 seconds time elapsed  ( +-  0,73% )


 Performance counter stats for './mandelbrot_omp -0.8 -0.7 0.05 0.15 1024' (10 runs):

          1.260,73 msec task-clock                       #    3,629 CPUs utilized               ( +-  0,39% )
                 9      context-switches                 #    7,139 /sec                        ( +- 19,62% )
                 1      cpu-migrations                   #    0,793 /sec                        ( +- 33,99% )
            10.319      page-faults                      #    8,185 K/sec                       ( +-  0,00% )
     4.230.316.129      cycles                           #    3,355 GHz                         ( +-  0,14% )
     4.961.944.048      instructions                     #    1,17  insn per cycle              ( +-  0,01% )
       601.681.369      branches                         #  477,250 M/sec                       ( +-  0,01% )
         1.104.734      branch-misses                    #    0,18% of all branches             ( +-  0,16% )
                        TopdownL1                 #     70,4 %  tma_backend_bound      
                                                  #      1,9 %  tma_bad_speculation    
                                                  #      3,9 %  tma_frontend_bound     
                                                  #     23,8 %  tma_retiring             ( +-  0,50% )

           0,34742 +- 0,00144 seconds time elapsed  ( +-  0,41% )


 Performance counter stats for './mandelbrot_omp -0.8 -0.7 0.05 0.15 2048' (10 runs):

          4.872,65 msec task-clock                       #    3,554 CPUs utilized               ( +-  0,16% )
                32      context-switches                 #    6,567 /sec                        ( +-  5,89% )
                 4      cpu-migrations                   #    0,821 /sec                        ( +- 25,01% )
            41.039      page-faults                      #    8,422 K/sec                       ( +-  0,00% )
    16.423.484.524      cycles                           #    3,371 GHz                         ( +-  0,06% )
    19.817.151.432      instructions                     #    1,21  insn per cycle              ( +-  0,01% )
     2.399.270.305      branches                         #  492,395 M/sec                       ( +-  0,01% )
         4.339.937      branch-misses                    #    0,18% of all branches             ( +-  0,05% )
                        TopdownL1                 #     69,4 %  tma_backend_bound      
                                                  #      3,5 %  tma_bad_speculation    
                                                  #      3,5 %  tma_frontend_bound     
                                                  #     23,6 %  tma_retiring             ( +-  0,17% )

           1,37116 +- 0,00209 seconds time elapsed  ( +-  0,15% )


 Performance counter stats for './mandelbrot_omp -0.8 -0.7 0.05 0.15 4096' (10 runs):

         19.492,91 msec task-clock                       #    3,571 CPUs utilized               ( +-  0,13% )
               114      context-switches                 #    5,848 /sec                        ( +-  4,02% )
                10      cpu-migrations                   #    0,513 /sec                        ( +-  9,40% )
           163.919      page-faults                      #    8,409 K/sec                       ( +-  0,00% )
    65.234.468.137      cycles                           #    3,347 GHz                         ( +-  0,04% )
    79.254.506.084      instructions                     #    1,21  insn per cycle              ( +-  0,00% )
     9.591.884.995      branches                         #  492,071 M/sec                       ( +-  0,00% )
        17.281.103      branch-misses                    #    0,18% of all branches             ( +-  0,04% )
                        TopdownL1                 #     66,6 %  tma_backend_bound      
                                                  #      7,6 %  tma_bad_speculation    
                                                  #      3,2 %  tma_frontend_bound     
                                                  #     22,6 %  tma_retiring             ( +-  0,12% )

           5,45909 +- 0,00870 seconds time elapsed  ( +-  0,16% )


 Performance counter stats for './mandelbrot_omp -0.8 -0.7 0.05 0.15 8192' (10 runs):

         78.311,69 msec task-clock                       #    3,590 CPUs utilized               ( +-  0,19% )
               397      context-switches                 #    5,069 /sec                        ( +-  6,34% )
                41      cpu-migrations                   #    0,524 /sec                        ( +-  3,69% )
           655.439      page-faults                      #    8,370 K/sec                       ( +-  0,00% )
   260.302.339.634      cycles                           #    3,324 GHz                         ( +-  0,04% )
   317.010.219.837      instructions                     #    1,22  insn per cycle              ( +-  0,00% )
    38.363.747.777      branches                         #  489,885 M/sec                       ( +-  0,00% )
        69.030.415      branch-misses                    #    0,18% of all branches             ( +-  0,03% )
                        TopdownL1                 #     63,2 %  tma_backend_bound      
                                                  #     12,0 %  tma_bad_speculation    
                                                  #      3,1 %  tma_frontend_bound     
                                                  #     21,7 %  tma_retiring             ( +-  0,19% )

           21,8140 +- 0,0369 seconds time elapsed  ( +-  0,17% )

