
 Performance counter stats for './mandelbrot_omp -0.188 -0.012 0.554 0.754 16' (10 runs):

              1,30 msec task-clock                       #    1,368 CPUs utilized               ( +-  4,65% )
                 0      context-switches                 #    0,000 /sec                      
                 0      cpu-migrations                   #    0,000 /sec                      
                81      page-faults                      #   62,192 K/sec                       ( +-  0,32% )
         4.774.151      cycles                           #    3,666 GHz                         ( +-  4,84% )
         3.483.476      instructions                     #    0,73  insn per cycle              ( +-  0,15% )
           556.553      branches                         #  427,324 M/sec                       ( +-  0,24% )
            10.313      branch-misses                    #    1,85% of all branches             ( +-  5,54% )
                        TopdownL1                 #     55,1 %  tma_backend_bound      
                                                  #      4,5 %  tma_bad_speculation    
                                                  #     22,1 %  tma_frontend_bound     
                                                  #     18,3 %  tma_retiring             ( +-  2,06% )

         0,0009521 +- 0,0000438 seconds time elapsed  ( +-  4,60% )


 Performance counter stats for './mandelbrot_omp -0.188 -0.012 0.554 0.754 32' (10 runs):

              2,30 msec task-clock                       #    1,860 CPUs utilized               ( +-  3,07% )
                 0      context-switches                 #    0,000 /sec                      
                 0      cpu-migrations                   #    0,000 /sec                      
                88      page-faults                      #   38,255 K/sec                       ( +-  0,28% )
         8.554.145      cycles                           #    3,719 GHz                         ( +-  3,14% )
         7.579.799      instructions                     #    0,89  insn per cycle              ( +-  0,16% )
         1.051.945      branches                         #  457,294 M/sec                       ( +-  0,21% )
            11.999      branch-misses                    #    1,14% of all branches             ( +-  3,42% )
                        TopdownL1                 #     62,3 %  tma_backend_bound      
                                                  #      3,2 %  tma_bad_speculation    
                                                  #     14,4 %  tma_frontend_bound     
                                                  #     20,2 %  tma_retiring             ( +-  2,74% )

         0,0012370 +- 0,0000502 seconds time elapsed  ( +-  4,06% )


 Performance counter stats for './mandelbrot_omp -0.188 -0.012 0.554 0.754 64' (10 runs):

              6,23 msec task-clock                       #    2,759 CPUs utilized               ( +-  1,53% )
                 0      context-switches                 #    0,000 /sec                      
                 0      cpu-migrations                   #    0,000 /sec                      
               119      page-faults                      #   19,110 K/sec                       ( +-  0,22% )
        23.442.862      cycles                           #    3,765 GHz                         ( +-  1,54% )
        24.018.544      instructions                     #    1,02  insn per cycle              ( +-  0,04% )
         3.040.847      branches                         #  488,312 M/sec                       ( +-  0,06% )
            14.578      branch-misses                    #    0,48% of all branches             ( +-  3,24% )
                        TopdownL1                 #     66,6 %  tma_backend_bound      
                                                  #      1,8 %  tma_bad_speculation    
                                                  #      8,7 %  tma_frontend_bound     
                                                  #     22,8 %  tma_retiring             ( +-  2,75% )

         0,0022570 +- 0,0000331 seconds time elapsed  ( +-  1,46% )


 Performance counter stats for './mandelbrot_omp -0.188 -0.012 0.554 0.754 128' (10 runs):

             21,85 msec task-clock                       #    3,392 CPUs utilized               ( +-  0,51% )
                 0      context-switches                 #    0,000 /sec                      
                 0      cpu-migrations                   #    0,000 /sec                      
               238      page-faults                      #   10,891 K/sec                       ( +-  0,08% )
        81.502.684      cycles                           #    3,729 GHz                         ( +-  0,60% )
        89.475.538      instructions                     #    1,10  insn per cycle              ( +-  0,01% )
        10.953.956      branches                         #  501,240 M/sec                       ( +-  0,02% )
            28.998      branch-misses                    #    0,26% of all branches             ( +-  2,09% )
                        TopdownL1                 #     69,9 %  tma_backend_bound      
                                                  #      1,3 %  tma_bad_speculation    
                                                  #      5,4 %  tma_frontend_bound     
                                                  #     23,3 %  tma_retiring             ( +-  2,03% )

         0,0064418 +- 0,0000288 seconds time elapsed  ( +-  0,45% )


 Performance counter stats for './mandelbrot_omp -0.188 -0.012 0.554 0.754 256' (10 runs):

             96,65 msec task-clock                       #    3,669 CPUs utilized               ( +-  0,87% )
                 2      context-switches                 #   20,693 /sec                        ( +- 30,05% )
                 0      cpu-migrations                   #    0,000 /sec                      
               720      page-faults                      #    7,450 K/sec                       ( +-  0,04% )
       315.642.427      cycles                           #    3,266 GHz                         ( +-  0,95% )
       351.109.012      instructions                     #    1,11  insn per cycle              ( +-  0,01% )
        42.574.299      branches                         #  440,501 M/sec                       ( +-  0,02% )
            83.316      branch-misses                    #    0,20% of all branches             ( +-  0,53% )
                        TopdownL1                 #     68,7 %  tma_backend_bound      
                                                  #      1,5 %  tma_bad_speculation    
                                                  #      5,5 %  tma_frontend_bound     
                                                  #     24,4 %  tma_retiring             ( +-  2,45% )

          0,026345 +- 0,000229 seconds time elapsed  ( +-  0,87% )


 Performance counter stats for './mandelbrot_omp -0.188 -0.012 0.554 0.754 512' (10 runs):

            376,34 msec task-clock                       #    3,754 CPUs utilized               ( +-  0,81% )
                 5      context-switches                 #   13,286 /sec                        ( +- 42,27% )
                 1      cpu-migrations                   #    2,657 /sec                        ( +- 51,75% )
             2.639      page-faults                      #    7,012 K/sec                       ( +-  0,01% )
     1.248.167.329      cycles                           #    3,317 GHz                         ( +-  0,93% )
     1.397.396.500      instructions                     #    1,12  insn per cycle              ( +-  0,01% )
       168.991.831      branches                         #  449,036 M/sec                       ( +-  0,02% )
           291.255      branch-misses                    #    0,17% of all branches             ( +-  0,28% )
                        TopdownL1                 #     68,5 %  tma_backend_bound      
                                                  #      1,6 %  tma_bad_speculation    
                                                  #      5,4 %  tma_frontend_bound     
                                                  #     24,6 %  tma_retiring             ( +-  2,75% )

          0,100258 +- 0,000750 seconds time elapsed  ( +-  0,75% )


 Performance counter stats for './mandelbrot_omp -0.188 -0.012 0.554 0.754 1024' (10 runs):

          1.422,08 msec task-clock                       #    3,668 CPUs utilized               ( +-  0,25% )
                15      context-switches                 #   10,548 /sec                        ( +- 29,23% )
                 1      cpu-migrations                   #    0,703 /sec                        ( +- 41,63% )
            10.319      page-faults                      #    7,256 K/sec                       ( +-  0,00% )
     4.759.537.344      cycles                           #    3,347 GHz                         ( +-  0,16% )
     5.574.901.655      instructions                     #    1,17  insn per cycle              ( +-  0,01% )
       672.635.401      branches                         #  472,994 M/sec                       ( +-  0,01% )
         1.103.914      branch-misses                    #    0,16% of all branches             ( +-  0,08% )
                        TopdownL1                 #     70,6 %  tma_backend_bound      
                                                  #      1,9 %  tma_bad_speculation    
                                                  #      3,8 %  tma_frontend_bound     
                                                  #     23,7 %  tma_retiring             ( +-  0,40% )

           0,38770 +- 0,00132 seconds time elapsed  ( +-  0,34% )


 Performance counter stats for './mandelbrot_omp -0.188 -0.012 0.554 0.754 2048' (10 runs):

          5.524,94 msec task-clock                       #    3,588 CPUs utilized               ( +-  0,27% )
                26      context-switches                 #    4,706 /sec                        ( +-  9,01% )
                 4      cpu-migrations                   #    0,724 /sec                        ( +- 21,10% )
            41.039      page-faults                      #    7,428 K/sec                       ( +-  0,00% )
    18.569.062.214      cycles                           #    3,361 GHz                         ( +-  0,10% )
    22.273.014.557      instructions                     #    1,20  insn per cycle              ( +-  0,00% )
     2.683.551.163      branches                         #  485,716 M/sec                       ( +-  0,00% )
         4.344.608      branch-misses                    #    0,16% of all branches             ( +-  0,07% )
                        TopdownL1                 #     70,2 %  tma_backend_bound      
                                                  #      2,7 %  tma_bad_speculation    
                                                  #      3,4 %  tma_frontend_bound     
                                                  #     23,6 %  tma_retiring             ( +-  0,17% )

           1,53965 +- 0,00631 seconds time elapsed  ( +-  0,41% )


 Performance counter stats for './mandelbrot_omp -0.188 -0.012 0.554 0.754 4096' (10 runs):

         22.047,12 msec task-clock                       #    3,615 CPUs utilized               ( +-  0,08% )
               117      context-switches                 #    5,307 /sec                        ( +-  5,50% )
                12      cpu-migrations                   #    0,544 /sec                        ( +- 10,11% )
           163.919      page-faults                      #    7,435 K/sec                       ( +-  0,00% )
    73.690.023.475      cycles                           #    3,342 GHz                         ( +-  0,03% )
    89.068.697.513      instructions                     #    1,21  insn per cycle              ( +-  0,00% )
    10.727.573.187      branches                         #  486,575 M/sec                       ( +-  0,00% )
        17.302.168      branch-misses                    #    0,16% of all branches             ( +-  0,04% )
                        TopdownL1                 #     66,9 %  tma_backend_bound      
                                                  #      7,4 %  tma_bad_speculation    
                                                  #      3,2 %  tma_frontend_bound     
                                                  #     22,4 %  tma_retiring             ( +-  0,11% )

           6,09800 +- 0,00712 seconds time elapsed  ( +-  0,12% )


 Performance counter stats for './mandelbrot_omp -0.188 -0.012 0.554 0.754 8192' (10 runs):

         88.241,35 msec task-clock                       #    3,632 CPUs utilized               ( +-  0,04% )
               424      context-switches                 #    4,805 /sec                        ( +-  4,35% )
                46      cpu-migrations                   #    0,521 /sec                        ( +-  3,89% )
           655.439      page-faults                      #    7,428 K/sec                       ( +-  0,00% )
   293.975.987.713      cycles                           #    3,331 GHz                         ( +-  0,01% )
   356.281.795.894      instructions                     #    1,21  insn per cycle              ( +-  0,00% )
    42.908.915.011      branches                         #  486,268 M/sec                       ( +-  0,00% )
        69.038.491      branch-misses                    #    0,16% of all branches             ( +-  0,02% )
                        TopdownL1                 #     64,3 %  tma_backend_bound      
                                                  #     11,1 %  tma_bad_speculation    
                                                  #      3,0 %  tma_frontend_bound     
                                                  #     21,6 %  tma_retiring             ( +-  0,03% )

           24,2987 +- 0,0106 seconds time elapsed  ( +-  0,04% )

