
 Performance counter stats for './mandelbrot_seq 0.175 0.375 -0.1 0.1 16' (10 runs):

              1,21 msec task-clock                       #    0,504 CPUs utilized               ( +-  1,62% )
                 0      context-switches                 #    0,000 /sec                      
                 0      cpu-migrations                   #    0,000 /sec                      
                62      page-faults                      #   51,295 K/sec                       ( +-  0,45% )
         2.842.308      cycles                           #    2,352 GHz                         ( +-  1,49% )
         2.511.560      instructions                     #    0,88  insn per cycle              ( +-  0,15% )
           340.613      branches                         #  281,805 M/sec                       ( +-  0,18% )
             7.397      branch-misses                    #    2,17% of all branches             ( +-  4,12% )
                        TopdownL1                 #      9,8 %  tma_backend_bound      
                                                  #      8,6 %  tma_bad_speculation    
                                                  #     34,2 %  tma_frontend_bound     
                                                  #     47,4 %  tma_retiring             ( +-  2,02% )

          0,002396 +- 0,000342 seconds time elapsed  ( +- 14,27% )


 Performance counter stats for './mandelbrot_seq 0.175 0.375 -0.1 0.1 32' (10 runs):

              2,57 msec task-clock                       #    0,426 CPUs utilized               ( +-  0,73% )
                 2      context-switches                 #  776,911 /sec                        ( +- 25,82% )
                 0      cpu-migrations                   #    0,000 /sec                      
                71      page-faults                      #   27,580 K/sec                       ( +-  0,33% )
         6.076.163      cycles                           #    2,360 GHz                         ( +-  0,58% )
         6.121.575      instructions                     #    1,01  insn per cycle              ( +-  0,08% )
           646.881      branches                         #  251,284 M/sec                       ( +-  0,13% )
             9.050      branch-misses                    #    1,40% of all branches             ( +-  2,49% )
                        TopdownL1                 #     11,4 %  tma_backend_bound      
                                                  #      7,1 %  tma_bad_speculation    
                                                  #     25,3 %  tma_frontend_bound     
                                                  #     56,1 %  tma_retiring             ( +-  0,89% )

           0,00604 +- 0,00101 seconds time elapsed  ( +- 16,64% )


 Performance counter stats for './mandelbrot_seq 0.175 0.375 -0.1 0.1 64' (10 runs):

              7,85 msec task-clock                       #    0,822 CPUs utilized               ( +-  0,48% )
                 4      context-switches                 #  509,848 /sec                        ( +- 25,87% )
                 0      cpu-migrations                   #    0,000 /sec                      
               100      page-faults                      #   12,746 K/sec                       ( +-  0,26% )
        18.638.402      cycles                           #    2,376 GHz                         ( +-  0,41% )
        20.472.313      instructions                     #    1,10  insn per cycle              ( +-  0,04% )
         1.866.300      branches                         #  237,882 M/sec                       ( +-  0,08% )
            12.311      branch-misses                    #    0,66% of all branches             ( +-  2,92% )
                        TopdownL1                 #     14,4 %  tma_backend_bound      
                                                  #      7,3 %  tma_bad_speculation    
                                                  #     20,2 %  tma_frontend_bound     
                                                  #     58,0 %  tma_retiring             ( +-  1,21% )

           0,00954 +- 0,00104 seconds time elapsed  ( +- 10,91% )


 Performance counter stats for './mandelbrot_seq 0.175 0.375 -0.1 0.1 128' (10 runs):

             26,02 msec task-clock                       #    0,926 CPUs utilized               ( +-  1,27% )
                 3      context-switches                 #  115,275 /sec                        ( +- 62,86% )
                 0      cpu-migrations                   #    0,000 /sec                      
               221      page-faults                      #    8,492 K/sec                       ( +-  0,11% )
        66.791.278      cycles                           #    2,566 GHz                         ( +-  1,12% )
        77.675.085      instructions                     #    1,16  insn per cycle              ( +-  0,02% )
         6.713.061      branches                         #  257,950 M/sec                       ( +-  0,05% )
            24.471      branch-misses                    #    0,36% of all branches             ( +-  1,17% )
                        TopdownL1                 #     42,9 %  tma_backend_bound      
                                                  #      4,2 %  tma_bad_speculation    
                                                  #     11,1 %  tma_frontend_bound     
                                                  #     41,7 %  tma_retiring             ( +- 11,56% )

           0,02811 +- 0,00202 seconds time elapsed  ( +-  7,19% )


 Performance counter stats for './mandelbrot_seq 0.175 0.375 -0.1 0.1 256' (10 runs):

            107,33 msec task-clock                       #    0,635 CPUs utilized               ( +-  0,09% )
                35      context-switches                 #  326,091 /sec                        ( +- 10,24% )
                 0      cpu-migrations                   #    0,000 /sec                      
               702      page-faults                      #    6,540 K/sec                       ( +-  0,04% )
       266.917.557      cycles                           #    2,487 GHz                         ( +-  0,10% )
       306.397.588      instructions                     #    1,15  insn per cycle              ( +-  0,01% )
        26.097.756      branches                         #  243,149 M/sec                       ( +-  0,02% )
            69.032      branch-misses                    #    0,26% of all branches             ( +-  0,37% )
                        TopdownL1                 #     12,9 %  tma_backend_bound      
                                                  #     15,5 %  tma_bad_speculation    
                                                  #     15,3 %  tma_frontend_bound     
                                                  #     56,3 %  tma_retiring             ( +-  1,65% )

            0,1689 +- 0,0194 seconds time elapsed  ( +- 11,48% )


 Performance counter stats for './mandelbrot_seq 0.175 0.375 -0.1 0.1 512' (10 runs):

            423,87 msec task-clock                       #    0,870 CPUs utilized               ( +-  0,47% )
               118      context-switches                 #  278,387 /sec                        ( +- 16,90% )
                 0      cpu-migrations                   #    0,000 /sec                      
             2.621      page-faults                      #    6,183 K/sec                       ( +-  0,01% )
     1.064.794.677      cycles                           #    2,512 GHz                         ( +-  0,40% )
     1.220.182.000      instructions                     #    1,15  insn per cycle              ( +-  0,01% )
       103.535.549      branches                         #  244,262 M/sec                       ( +-  0,02% )
           241.603      branch-misses                    #    0,23% of all branches             ( +-  0,29% )
                        TopdownL1                 #     12,0 %  tma_backend_bound      
                                                  #     24,4 %  tma_bad_speculation    
                                                  #     13,1 %  tma_frontend_bound     
                                                  #     50,5 %  tma_retiring             ( +-  2,04% )

            0,4873 +- 0,0234 seconds time elapsed  ( +-  4,81% )


 Performance counter stats for './mandelbrot_seq 0.175 0.375 -0.1 0.1 1024' (10 runs):

          1.700,51 msec task-clock                       #    0,726 CPUs utilized               ( +-  0,44% )
               533      context-switches                 #  313,435 /sec                        ( +-  8,33% )
                 6      cpu-migrations                   #    3,528 /sec                        ( +- 13,16% )
            10.301      page-faults                      #    6,058 K/sec                       ( +-  0,00% )
     4.243.663.516      cycles                           #    2,496 GHz                         ( +-  0,23% )
     4.876.751.837      instructions                     #    1,15  insn per cycle              ( +-  0,01% )
       413.538.695      branches                         #  243,185 M/sec                       ( +-  0,03% )
           933.696      branch-misses                    #    0,23% of all branches             ( +-  0,48% )
                        TopdownL1                 #      9,9 %  tma_backend_bound      
                                                  #     33,4 %  tma_bad_speculation    
                                                  #     11,2 %  tma_frontend_bound     
                                                  #     45,5 %  tma_retiring             ( +-  0,93% )

            2,3409 +- 0,0829 seconds time elapsed  ( +-  3,54% )


 Performance counter stats for './mandelbrot_seq 0.175 0.375 -0.1 0.1 2048' (10 runs):

          5.617,79 msec task-clock                       #    0,759 CPUs utilized               ( +-  8,45% )
             1.479      context-switches                 #  263,271 /sec                        ( +- 26,34% )
                15      cpu-migrations                   #    2,670 /sec                        ( +- 26,05% )
            41.022      page-faults                      #    7,302 K/sec                       ( +-  0,00% )
    16.330.320.860      cycles                           #    2,907 GHz                         ( +-  1,52% )
    19.487.846.253      instructions                     #    1,19  insn per cycle              ( +-  0,02% )
     1.651.147.432      branches                         #  293,914 M/sec                       ( +-  0,05% )
         3.605.398      branch-misses                    #    0,22% of all branches             ( +-  0,54% )
                        TopdownL1                 #     41,3 %  tma_backend_bound      
                                                  #     22,2 %  tma_bad_speculation    
                                                  #      5,2 %  tma_frontend_bound     
                                                  #     31,3 %  tma_retiring             ( +- 14,47% )

             7,403 +- 0,933 seconds time elapsed  ( +- 12,61% )


 Performance counter stats for './mandelbrot_seq 0.175 0.375 -0.1 0.1 4096' (10 runs):

         14.681,35 msec task-clock                       #    0,998 CPUs utilized               ( +-  0,03% )
               123      context-switches                 #    8,378 /sec                        ( +-  5,08% )
                 2      cpu-migrations                   #    0,136 /sec                        ( +- 28,14% )
           163.901      page-faults                      #   11,164 K/sec                       ( +-  0,00% )
    61.265.667.088      cycles                           #    4,173 GHz                         ( +-  0,01% )
    77.875.169.129      instructions                     #    1,27  insn per cycle              ( +-  0,00% )
     6.592.038.226      branches                         #  449,008 M/sec                       ( +-  0,00% )
        14.018.318      branch-misses                    #    0,21% of all branches             ( +-  0,02% )
                        TopdownL1                 #     58,3 %  tma_backend_bound      
                                                  #     19,5 %  tma_bad_speculation    
                                                  #      1,5 %  tma_frontend_bound     
                                                  #     20,8 %  tma_retiring             ( +-  0,02% )

          14,71314 +- 0,00402 seconds time elapsed  ( +-  0,03% )


 Performance counter stats for './mandelbrot_seq 0.175 0.375 -0.1 0.1 8192' (10 runs):

         58.744,46 msec task-clock                       #    0,998 CPUs utilized               ( +-  0,05% )
               541      context-switches                 #    9,209 /sec                        ( +-  4,40% )
                 9      cpu-migrations                   #    0,153 /sec                        ( +- 19,02% )
           655.422      page-faults                      #   11,157 K/sec                       ( +-  0,00% )
   244.875.092.352      cycles                           #    4,168 GHz                         ( +-  0,04% )
   311.509.426.677      instructions                     #    1,27  insn per cycle              ( +-  0,00% )
    26.370.947.567      branches                         #  448,910 M/sec                       ( +-  0,00% )
        56.012.129      branch-misses                    #    0,21% of all branches             ( +-  0,03% )
                        TopdownL1                 #     51,0 %  tma_backend_bound      
                                                  #     28,4 %  tma_bad_speculation    
                                                  #      0,9 %  tma_frontend_bound     
                                                  #     19,6 %  tma_retiring             ( +-  0,03% )

           58,8558 +- 0,0278 seconds time elapsed  ( +-  0,05% )

